#
# A fatal error has been detected by the Java Runtime Environment:
#
#  EXCEPTION_ACCESS_VIOLATION (0xc0000005) at pc=0x6d89a16b, pid=10084, tid=9688
#
# JRE version: 6.0_31-b05
# Java VM: Java HotSpot(TM) Client VM (20.6-b01 mixed mode windows-x86 )
# Problematic frame:
# V  [jvm.dll+0xaa16b]
#
# If you would like to submit a bug report, please visit:
#   http://java.sun.com/webapps/bugreport/crash.jsp
#

---------------  T H R E A D  ---------------

Current thread (0x02586c00):  JavaThread "JDWP Transport Listener: dt_socket" daemon [_thread_in_vm, id=9688, stack(0x18990000,0x189e0000)]

siginfo: ExceptionCode=0xc0000005, reading address 0x72000000

Registers:
EAX=0x72000000, EBX=0x00000000, ECX=0x000071ee, EDX=0x00000000
ESP=0x189dfc14, EBP=0x189dfc18, ESI=0x02586c00, EDI=0x024cdf18
EIP=0x6d89a16b, EFLAGS=0x00010206

Top of Stack: (sp=0x189dfc14)
0x189dfc14:   02586c00 189dfc40 6d988242 72000000
0x189dfc24:   189dfcc4 189dfc7b 02586c00 00000000
0x189dfc34:   00000000 00000000 02586c00 189dfc7c
0x189dfc44:   6d389770 024cdf18 72000000 189dfc7b
0x189dfc54:   72000000 6d3742c9 72000000 189dfc7b
0x189dfc64:   0000000a 00000000 00000000 0000000a
0x189dfc74:   00000000 009dfc9c 189dfc9c 6d374434
0x189dfc84:   00000001 189dfcb8 189dfe54 6d392b02 

Instructions: (pc=0x6d89a16b)
0x6d89a14b:   4e 10 89 4f 0c 5f 5e 5d c2 0c 00 cc cc cc cc cc
0x6d89a15b:   cc cc cc cc cc 55 8b ec 8b 45 08 85 c0 56 74 25
0x6d89a16b:   8b 30 85 f6 74 1f 81 fe fe fe fe fe 74 17 8b 46
0x6d89a17b:   04 8d 48 08 8b 01 ff 90 90 00 00 00 84 c0 74 05 


Register to memory mapping:

EAX=0x72000000 is an unknown value
EBX=0x00000000 is an unknown value
ECX=0x000071ee is an unknown value
EDX=0x00000000 is an unknown value
ESP=0x189dfc14 is pointing into the stack for thread: 0x02586c00
EBP=0x189dfc18 is pointing into the stack for thread: 0x02586c00
ESI=0x02586c00 is a thread
EDI=0x024cdf18 is an unknown value


Stack: [0x18990000,0x189e0000],  sp=0x189dfc14,  free space=319k
Native frames: (J=compiled Java code, j=interpreted, Vv=VM code, C=native code)
V  [jvm.dll+0xaa16b]
V  [jvm.dll+0x198242]
C  [jdwp.dll+0x19770]  Agent_OnLoad+0xe6e5
C  [jdwp.dll+0x4434]
C  [jdwp.dll+0x4472]
C  [jdwp.dll+0x17d55]  Agent_OnLoad+0xccca
V  [jvm.dll+0x140ffc]
C  [msvcr71.dll+0x9565]  endthreadex+0xa0
C  [kernel32.dll+0x133aa]  BaseThreadInitThunk+0x12
C  [ntdll.dll+0x39ef2]  RtlInitializeExceptionChain+0x63
C  [ntdll.dll+0x39ec5]  RtlInitializeExceptionChain+0x36


---------------  P R O C E S S  ---------------

Java Threads: ( => current thread )
  0x18f75800 JavaThread "Abandoned connection cleanup thread" daemon [_thread_blocked, id=5168, stack(0x19110000,0x19160000)]
  0x025a6800 JavaThread "Low Memory Detector" daemon [_thread_blocked, id=8268, stack(0x18df0000,0x18e40000)]
  0x02599c00 JavaThread "C1 CompilerThread0" daemon [_thread_blocked, id=9988, stack(0x18d10000,0x18d60000)]
  0x02589c00 JavaThread "JDWP Command Reader" daemon [_thread_in_native, id=7748, stack(0x18c40000,0x18c90000)]
  0x02588c00 JavaThread "JDWP Event Helper Thread" daemon [_thread_blocked, id=5124, stack(0x18bb0000,0x18c00000)]
=>0x02586c00 JavaThread "JDWP Transport Listener: dt_socket" daemon [_thread_in_vm, id=9688, stack(0x18990000,0x189e0000)]
  0x0257c400 JavaThread "Attach Listener" daemon [_thread_blocked, id=1260, stack(0x187f0000,0x18840000)]
  0x02579000 JavaThread "Signal Dispatcher" daemon [_thread_blocked, id=7304, stack(0x18760000,0x187b0000)]
  0x02550400 JavaThread "Finalizer" daemon [_thread_blocked, id=10176, stack(0x186d0000,0x18720000)]
  0x02549c00 JavaThread "Reference Handler" daemon [_thread_blocked, id=7092, stack(0x18640000,0x18690000)]
  0x0036a000 JavaThread "main" [_thread_blocked, id=2756, stack(0x00280000,0x002d0000)]

Other Threads:
  0x02545800 VMThread [stack: 0x185b0000,0x18600000] [id=9672]
  0x025a8c00 WatcherThread [stack: 0x18e80000,0x18ed0000] [id=4604]

VM state:not at safepoint (normal execution)

VM Mutex/Monitor currently owned by a thread: None

Heap
 def new generation   total 76288K, used 34061K [0x045b0000, 0x09870000, 0x09b00000)
  eden space 67840K,  38% used [0x045b0000, 0x05f33ed8, 0x087f0000)
  from space 8448K,  93% used [0x087f0000, 0x08faf5b0, 0x09030000)
  to   space 8448K,   0% used [0x09030000, 0x09030000, 0x09870000)
 tenured generation   total 169412K, used 146522K [0x09b00000, 0x14071000, 0x145b0000)
   the space 169412K,  86% used [0x09b00000, 0x12a169e0, 0x12a16a00, 0x14071000)
 compacting perm gen  total 12288K, used 10816K [0x145b0000, 0x151b0000, 0x185b0000)
   the space 12288K,  88% used [0x145b0000, 0x15040080, 0x15040200, 0x151b0000)
No shared spaces configured.

Code Cache  [0x025b0000, 0x02a50000, 0x045b0000)
 total_blobs=2483 nmethods=2338 adapters=88 free_code_cache=28710208 largest_free_block=192

Dynamic libraries:
0x00400000 - 0x00425000 	C:\Program Files (x86)\Java\jre6\bin\javaw.exe
0x77730000 - 0x778b0000 	C:\windows\SysWOW64\ntdll.dll
0x765b0000 - 0x766c0000 	C:\windows\syswow64\kernel32.dll
0x76be0000 - 0x76c27000 	C:\windows\syswow64\KERNELBASE.dll
0x76c30000 - 0x76cd0000 	C:\windows\syswow64\ADVAPI32.dll
0x76390000 - 0x7643c000 	C:\windows\syswow64\msvcrt.dll
0x754a0000 - 0x754b9000 	C:\windows\SysWOW64\sechost.dll
0x766c0000 - 0x767b0000 	C:\windows\syswow64\RPCRT4.dll
0x74e10000 - 0x74e70000 	C:\windows\syswow64\SspiCli.dll
0x74e00000 - 0x74e0c000 	C:\windows\syswow64\CRYPTBASE.dll
0x76ad0000 - 0x76bd0000 	C:\windows\syswow64\USER32.dll
0x76970000 - 0x76a00000 	C:\windows\syswow64\GDI32.dll
0x76590000 - 0x7659a000 	C:\windows\syswow64\LPK.dll
0x76d90000 - 0x76e2d000 	C:\windows\syswow64\USP10.dll
0x75220000 - 0x75280000 	C:\windows\system32\IMM32.DLL
0x76a00000 - 0x76acc000 	C:\windows\syswow64\MSCTF.dll
0x7c340000 - 0x7c396000 	C:\Program Files (x86)\Java\jre6\bin\msvcr71.dll
0x6d7f0000 - 0x6da9f000 	C:\Program Files (x86)\Java\jre6\bin\client\jvm.dll
0x728e0000 - 0x72912000 	C:\windows\system32\WINMM.dll
0x72560000 - 0x725ac000 	C:\windows\system32\apphelp.dll
0x6d7a0000 - 0x6d7ac000 	C:\Program Files (x86)\Java\jre6\bin\verify.dll
0x6d320000 - 0x6d33f000 	C:\Program Files (x86)\Java\jre6\bin\java.dll
0x6d370000 - 0x6d399000 	C:\Program Files (x86)\Java\jre6\bin\jdwp.dll
0x6d690000 - 0x6d696000 	C:\Program Files (x86)\Java\jre6\bin\npt.dll
0x6d7e0000 - 0x6d7ef000 	C:\Program Files (x86)\Java\jre6\bin\zip.dll
0x6d200000 - 0x6d207000 	C:\Program Files (x86)\Java\jre6\bin\dt_socket.dll
0x76e30000 - 0x76e65000 	C:\windows\syswow64\WS2_32.dll
0x750f0000 - 0x750f6000 	C:\windows\syswow64\NSI.dll
0x73e20000 - 0x73e30000 	C:\windows\system32\NLAapi.dll
0x73e10000 - 0x73e20000 	C:\windows\system32\napinsp.dll
0x73df0000 - 0x73e02000 	C:\windows\system32\pnrpnsp.dll
0x73dc0000 - 0x73de7000 	C:\Program Files (x86)\Common Files\Microsoft Shared\Windows Live\WLIDNSP.DLL
0x77700000 - 0x77705000 	C:\windows\syswow64\PSAPI.DLL
0x76cd0000 - 0x76d27000 	C:\windows\syswow64\SHLWAPI.dll
0x739c0000 - 0x739cd000 	C:\windows\system32\wshbth.dll
0x71a70000 - 0x71aac000 	C:\windows\System32\mswsock.dll
0x73970000 - 0x739b4000 	C:\windows\system32\DNSAPI.dll
0x73960000 - 0x73968000 	C:\windows\System32\winrnr.dll
0x70840000 - 0x7085c000 	C:\windows\system32\IPHLPAPI.DLL
0x70830000 - 0x70837000 	C:\windows\system32\WINNSI.DLL
0x736d0000 - 0x73708000 	C:\windows\System32\fwpuclnt.dll
0x73710000 - 0x73716000 	C:\windows\system32\rasadhlp.dll
0x719f0000 - 0x719f5000 	C:\windows\System32\wshtcpip.dll
0x6d600000 - 0x6d613000 	C:\Program Files (x86)\Java\jre6\bin\net.dll
0x706c0000 - 0x706c6000 	C:\windows\System32\wship6.dll

VM Arguments:
jvm_args: -agentlib:jdwp=transport=dt_socket,suspend=y,address=localhost:59624 -Dfile.encoding=Cp1252 
java_command: it.amedeo.Am02_Svecchiamento
Launcher Type: SUN_STANDARD

Environment Variables:
PATH=C:/Program Files (x86)/Java/jre7/bin/client;C:/Program Files (x86)/Java/jre7/bin;C:/Program Files (x86)/Java/jre7/lib/i386;C:\Program Files (x86)\PC Connectivity Solution\;C:\Program Files\Common Files\Microsoft Shared\Windows Live;C:\Program Files (x86)\Common Files\Microsoft Shared\Windows Live;C:\windows\system32;C:\windows;C:\windows\System32\Wbem;C:\windows\System32\WindowsPowerShell\v1.0\;C:\Program Files (x86)\Windows Live\Shared;C:\Program Files (x86)\Intel\Services\IPT\;D:\ShareW7\PortableApps\eclipse-jee-juno-SR1;
USERNAME=a.deblasio
OS=Windows_NT
PROCESSOR_IDENTIFIER=Intel64 Family 6 Model 42 Stepping 7, GenuineIntel



---------------  S Y S T E M  ---------------

OS: Windows 7 , 64 bit Build 7601 Service Pack 1

CPU:total 4 (2 cores per cpu, 2 threads per core) family 6 model 42 stepping 7, cmov, cx8, fxsr, mmx, sse, sse2, sse3, ssse3, sse4.1, sse4.2, popcnt, ht

Memory: 4k page, physical 8321400k(3584292k free), swap 8319548k(3501008k free)

vm_info: Java HotSpot(TM) Client VM (20.6-b01) for windows-x86 JRE (1.6.0_31-b05), built on Feb  3 2012 18:44:09 by "java_re" with MS VC++ 7.1 (VS2003)

time: Thu Feb 21 11:44:35 2013
elapsed time: 5794 seconds

